-------------------------------------------------------------------------------
Test set: com.examples.spring.webflux.SpringReactiveRestEmployeeApiApplicationTests
-------------------------------------------------------------------------------
Tests run: 1, Failures: 0, Errors: 1, Skipped: 0, Time elapsed: 0.773 s <<< FAILURE! - in com.examples.spring.webflux.SpringReactiveRestEmployeeApiApplicationTests
com.examples.spring.webflux.SpringReactiveRestEmployeeApiApplicationTests  Time elapsed: 0.738 s  <<< ERROR!
java.lang.IllegalStateException: Unable to find a @SpringBootConfiguration, you need to use @ContextConfiguration or @SpringBootTest(classes=...) with your test

